[2022-03-30 16:44:45.692] [main] [info] update#setState idle
[2022-03-30 16:44:45.915] [main] [info] window#load: attempt to load window (id: 1)
[2022-03-30 16:44:46.131] [main] [info] ExtensionHostStarterWorker created
[2022-03-30 16:44:48.213] [main] [info] window#load: window reported ready (id: 1)
[2022-03-30 16:44:48.939] [main] [info] Starting extension host with pid 15167 (fork() took 42 ms).
[2022-03-30 16:44:48.940] [main] [info] ExtensionHostStarterWorker.start() took 56 ms.
[2022-03-30 16:45:15.696] [main] [info] update#setState checking for updates
[2022-03-30 16:45:15.708] [main] [info] update#setState idle
[2022-03-30 16:45:30.466] [main] [info] window#load: attempt to load window (id: 1)
[2022-03-30 16:45:30.483] [main] [info] Extension host with pid 15167 exited with code: 0, signal: null.
[2022-03-30 16:45:32.079] [main] [info] window#load: window reported ready (id: 1)
[2022-03-30 16:45:32.795] [main] [info] Starting extension host with pid 15253 (fork() took 12 ms).
[2022-03-30 16:45:32.795] [main] [info] ExtensionHostStarterWorker.start() took 15 ms.
[2022-03-30 16:50:48.597] [main] [info] Enabling inspect port on extension host with pid 15253.
[2022-03-30 17:45:15.815] [main] [info] update#setState checking for updates
[2022-03-30 17:45:15.965] [main] [info] update#setState idle
[2022-03-30 18:45:15.985] [main] [info] update#setState checking for updates
[2022-03-30 18:45:16.050] [main] [info] update#setState idle
[2022-03-30 19:45:16.115] [main] [info] update#setState checking for updates
[2022-03-30 19:45:16.126] [main] [info] update#setState idle
[2022-03-30 20:45:16.222] [main] [info] update#setState checking for updates
[2022-03-30 20:45:16.243] [main] [info] update#setState idle
[2022-03-30 21:26:01.343] [main] [info] Waiting for extension host with pid 15253 to exit.
[2022-03-30 21:26:07.394] [main] [info] Extension host with pid 15253 exited with code: 87, signal: null.
