[2022-03-30T14:45:36.003Z] Validating found git in: git
[2022-03-30T14:45:36.074Z] Using git 2.26.2 from git
[2022-03-30T14:45:36.160Z] > git rev-parse --git-dir [23ms]
[2022-03-30T14:45:36.170Z] Open repository: /var/www/html/hotel_project
[2022-03-30T14:45:51.721Z] > git symbolic-ref --short HEAD [6ms]
[2022-03-30T14:45:51.852Z] > git for-each-ref --format=%(refname)%00%(upstream:short)%00%(objectname)%00%(upstream:track) refs/heads/master refs/remotes/master [122ms]
[2022-03-30T14:45:51.870Z] > git remote --verbose [3ms]
[2022-03-30T14:45:52.094Z] > git for-each-ref --sort -committerdate --format %(refname) %(objectname) %(*objectname) [234ms]
[2022-03-30T14:45:52.109Z] > git config --get commit.template [2ms]
[2022-03-30T14:46:28.766Z] > git ls-files --stage -- /var/www/html/hotel_project/routes/manage.php [236ms]
[2022-03-30T14:46:28.793Z] > git cat-file -s 358d9aa1bdc5320f2c42e8c5c6ea8cde36bd0f1a [7ms]
[2022-03-30T14:48:52.344Z] > git ls-files --stage -- /var/www/html/hotel_project/app/Http/Controllers/manage/ManageRoomController.php [5ms]
[2022-03-30T14:48:52.594Z] > git cat-file -s e918930ba072b7766c9fec8f24d08c50319656ef [191ms]
[2022-03-30T14:50:51.941Z] > git ls-files --stage -- /var/www/html/hotel_project/app/Http/Controllers/manage/ManageRoomController.php [4ms]
[2022-03-30T14:50:51.963Z] > git cat-file -s e918930ba072b7766c9fec8f24d08c50319656ef [2ms]
[2022-03-30T14:50:52.674Z] > git symbolic-ref --short HEAD [18ms]
[2022-03-30T14:50:52.695Z] > git for-each-ref --format=%(refname)%00%(upstream:short)%00%(objectname)%00%(upstream:track) refs/heads/master refs/remotes/master [12ms]
[2022-03-30T14:50:52.773Z] > git remote --verbose [57ms]
[2022-03-30T14:50:52.816Z] > git for-each-ref --sort -committerdate --format %(refname) %(objectname) %(*objectname) [110ms]
[2022-03-30T14:50:52.832Z] > git config --get commit.template [2ms]
[2022-03-30T14:50:56.135Z] > git ls-files --stage -- /var/www/html/hotel_project/resources/views/check.blade.php [3ms]
[2022-03-30T14:50:57.878Z] > git symbolic-ref --short HEAD [2ms]
[2022-03-30T14:50:57.892Z] > git for-each-ref --format=%(refname)%00%(upstream:short)%00%(objectname)%00%(upstream:track) refs/heads/master refs/remotes/master [3ms]
[2022-03-30T14:50:57.916Z] > git for-each-ref --sort -committerdate --format %(refname) %(objectname) %(*objectname) [14ms]
[2022-03-30T14:50:57.917Z] > git remote --verbose [4ms]
[2022-03-30T14:50:57.931Z] > git config --get commit.template [2ms]
[2022-03-30T14:51:23.810Z] > git ls-files --stage -- /var/www/html/hotel_project/routes/manage.php [10ms]
[2022-03-30T14:51:23.861Z] > git cat-file -s 358d9aa1bdc5320f2c42e8c5c6ea8cde36bd0f1a [42ms]
[2022-03-30T14:51:27.586Z] > git ls-files --stage -- /var/www/html/hotel_project/resources/views/check.blade.php [4ms]
[2022-03-30T14:51:38.679Z] > git ls-files --stage -- /var/www/html/hotel_project/routes/manage.php [11ms]
[2022-03-30T14:51:38.692Z] > git cat-file -s 358d9aa1bdc5320f2c42e8c5c6ea8cde36bd0f1a [2ms]
[2022-03-30T14:51:43.673Z] > git ls-files --stage -- /var/www/html/hotel_project/resources/views/check.blade.php [3ms]
[2022-03-30T14:52:43.511Z] > git symbolic-ref --short HEAD [3ms]
[2022-03-30T14:52:43.524Z] > git for-each-ref --format=%(refname)%00%(upstream:short)%00%(objectname)%00%(upstream:track) refs/heads/master refs/remotes/master [3ms]
[2022-03-30T14:52:43.549Z] > git for-each-ref --sort -committerdate --format %(refname) %(objectname) %(*objectname) [12ms]
[2022-03-30T14:52:43.551Z] > git remote --verbose [4ms]
[2022-03-30T14:52:43.565Z] > git config --get commit.template [2ms]
[2022-03-30T14:54:43.076Z] > git symbolic-ref --short HEAD [3ms]
[2022-03-30T14:54:43.089Z] > git for-each-ref --format=%(refname)%00%(upstream:short)%00%(objectname)%00%(upstream:track) refs/heads/master refs/remotes/master [2ms]
[2022-03-30T14:54:43.111Z] > git for-each-ref --sort -committerdate --format %(refname) %(objectname) %(*objectname) [11ms]
[2022-03-30T14:54:43.113Z] > git remote --verbose [2ms]
[2022-03-30T14:54:43.127Z] > git config --get commit.template [2ms]
[2022-03-30T14:54:45.329Z] > git ls-files --stage -- /var/www/html/hotel_project/resources/views/home.blade.php [2ms]
[2022-03-30T14:54:45.342Z] > git cat-file -s 1f34466b95e3e03b1e9a3cfe8bdb328c01f75363 [2ms]
[2022-03-30T14:54:46.763Z] > git ls-files --stage -- /var/www/html/hotel_project/resources/views/check.blade.php [20ms]
[2022-03-30T14:54:47.999Z] > git ls-files --stage -- /var/www/html/hotel_project/app/Http/Controllers/manage/ManageRoomController.php [4ms]
[2022-03-30T14:54:48.012Z] > git cat-file -s e918930ba072b7766c9fec8f24d08c50319656ef [2ms]
[2022-03-30T14:55:16.133Z] > git symbolic-ref --short HEAD [3ms]
[2022-03-30T14:55:16.145Z] > git for-each-ref --format=%(refname)%00%(upstream:short)%00%(objectname)%00%(upstream:track) refs/heads/master refs/remotes/master [2ms]
[2022-03-30T14:55:16.168Z] > git for-each-ref --sort -committerdate --format %(refname) %(objectname) %(*objectname) [12ms]
[2022-03-30T14:55:16.169Z] > git remote --verbose [2ms]
[2022-03-30T14:55:16.183Z] > git config --get commit.template [2ms]
[2022-03-30T14:57:16.983Z] > git symbolic-ref --short HEAD [1ms]
[2022-03-30T14:57:17.223Z] > git for-each-ref --format=%(refname)%00%(upstream:short)%00%(objectname)%00%(upstream:track) refs/heads/master refs/remotes/master [42ms]
[2022-03-30T14:57:17.381Z] > git remote --verbose [140ms]
[2022-03-30T14:57:17.382Z] > git for-each-ref --sort -committerdate --format %(refname) %(objectname) %(*objectname) [151ms]
[2022-03-30T14:57:17.396Z] > git config --get commit.template [1ms]
[2022-03-30T14:57:18.175Z] > git ls-files --stage -- /var/www/html/hotel_project/routes/manage.php [9ms]
[2022-03-30T14:57:18.200Z] > git cat-file -s 358d9aa1bdc5320f2c42e8c5c6ea8cde36bd0f1a [3ms]
[2022-03-30T14:57:53.115Z] > git symbolic-ref --short HEAD [1ms]
[2022-03-30T14:57:53.133Z] > git for-each-ref --format=%(refname)%00%(upstream:short)%00%(objectname)%00%(upstream:track) refs/heads/master refs/remotes/master [3ms]
[2022-03-30T14:57:53.156Z] > git for-each-ref --sort -committerdate --format %(refname) %(objectname) %(*objectname) [13ms]
[2022-03-30T14:57:53.157Z] > git remote --verbose [2ms]
[2022-03-30T14:57:53.174Z] > git config --get commit.template [2ms]
[2022-03-30T14:57:58.226Z] > git symbolic-ref --short HEAD [3ms]
[2022-03-30T14:57:58.241Z] > git for-each-ref --format=%(refname)%00%(upstream:short)%00%(objectname)%00%(upstream:track) refs/heads/master refs/remotes/master [3ms]
[2022-03-30T14:57:58.268Z] > git for-each-ref --sort -committerdate --format %(refname) %(objectname) %(*objectname) [15ms]
[2022-03-30T14:57:58.269Z] > git remote --verbose [3ms]
[2022-03-30T14:57:58.286Z] > git config --get commit.template [3ms]
[2022-03-30T14:58:10.067Z] > git symbolic-ref --short HEAD [3ms]
[2022-03-30T14:58:10.082Z] > git for-each-ref --format=%(refname)%00%(upstream:short)%00%(objectname)%00%(upstream:track) refs/heads/master refs/remotes/master [2ms]
[2022-03-30T14:58:10.110Z] > git for-each-ref --sort -committerdate --format %(refname) %(objectname) %(*objectname) [14ms]
[2022-03-30T14:58:10.111Z] > git remote --verbose [2ms]
[2022-03-30T14:58:10.132Z] > git config --get commit.template [2ms]
[2022-03-30T14:58:12.029Z] > git ls-files --stage -- /var/www/html/hotel_project/app/Http/Controllers/manage/ManageRoomController.php [2ms]
[2022-03-30T14:58:12.078Z] > git cat-file -s e918930ba072b7766c9fec8f24d08c50319656ef [39ms]
[2022-03-30T14:58:13.253Z] > git ls-files --stage -- /var/www/html/hotel_project/resources/views/check.blade.php [3ms]
[2022-03-30T14:58:14.270Z] > git ls-files --stage -- /var/www/html/hotel_project/resources/views/home.blade.php [4ms]
[2022-03-30T14:58:14.329Z] > git cat-file -s 1f34466b95e3e03b1e9a3cfe8bdb328c01f75363 [48ms]
[2022-03-30T14:58:15.174Z] > git symbolic-ref --short HEAD [2ms]
[2022-03-30T14:58:15.188Z] > git for-each-ref --format=%(refname)%00%(upstream:short)%00%(objectname)%00%(upstream:track) refs/heads/master refs/remotes/master [2ms]
[2022-03-30T14:58:15.211Z] > git for-each-ref --sort -committerdate --format %(refname) %(objectname) %(*objectname) [13ms]
[2022-03-30T14:58:15.212Z] > git remote --verbose [3ms]
[2022-03-30T14:58:15.227Z] > git config --get commit.template [2ms]
[2022-03-30T14:58:16.500Z] > git ls-files --stage -- /var/www/html/hotel_project/app/Http/Controllers/manage/ManageRoomController.php [2ms]
[2022-03-30T14:58:16.512Z] > git cat-file -s e918930ba072b7766c9fec8f24d08c50319656ef [2ms]
[2022-03-30T14:58:17.232Z] > git ls-files --stage -- /var/www/html/hotel_project/resources/views/check.blade.php [2ms]
[2022-03-30T14:58:45.099Z] > git symbolic-ref --short HEAD [2ms]
[2022-03-30T14:58:45.114Z] > git for-each-ref --format=%(refname)%00%(upstream:short)%00%(objectname)%00%(upstream:track) refs/heads/master refs/remotes/master [2ms]
[2022-03-30T14:58:45.148Z] > git remote --verbose [4ms]
[2022-03-30T14:58:45.150Z] > git for-each-ref --sort -committerdate --format %(refname) %(objectname) %(*objectname) [20ms]
[2022-03-30T14:58:45.167Z] > git config --get commit.template [2ms]
[2022-03-30T14:58:46.749Z] > git ls-files --stage -- /var/www/html/hotel_project/routes/manage.php [5ms]
[2022-03-30T14:58:46.760Z] > git cat-file -s 358d9aa1bdc5320f2c42e8c5c6ea8cde36bd0f1a [2ms]
[2022-03-30T14:58:50.197Z] > git symbolic-ref --short HEAD [1ms]
[2022-03-30T14:58:50.209Z] > git for-each-ref --format=%(refname)%00%(upstream:short)%00%(objectname)%00%(upstream:track) refs/heads/master refs/remotes/master [2ms]
[2022-03-30T14:58:50.228Z] > git remote --verbose [3ms]
[2022-03-30T14:58:50.229Z] > git for-each-ref --sort -committerdate --format %(refname) %(objectname) %(*objectname) [12ms]
[2022-03-30T14:58:50.241Z] > git config --get commit.template [2ms]
[2022-03-30T14:59:05.660Z] > git symbolic-ref --short HEAD [4ms]
[2022-03-30T14:59:05.675Z] > git for-each-ref --format=%(refname)%00%(upstream:short)%00%(objectname)%00%(upstream:track) refs/heads/master refs/remotes/master [2ms]
[2022-03-30T14:59:05.704Z] > git for-each-ref --sort -committerdate --format %(refname) %(objectname) %(*objectname) [14ms]
[2022-03-30T14:59:05.705Z] > git remote --verbose [3ms]
[2022-03-30T14:59:05.721Z] > git config --get commit.template [3ms]
[2022-03-30T14:59:08.072Z] > git ls-files --stage -- /var/www/html/hotel_project/resources/views/check.blade.php [2ms]
[2022-03-30T14:59:10.752Z] > git symbolic-ref --short HEAD [1ms]
[2022-03-30T14:59:10.763Z] > git for-each-ref --format=%(refname)%00%(upstream:short)%00%(objectname)%00%(upstream:track) refs/heads/master refs/remotes/master [2ms]
[2022-03-30T14:59:10.782Z] > git for-each-ref --sort -committerdate --format %(refname) %(objectname) %(*objectname) [10ms]
[2022-03-30T14:59:10.782Z] > git remote --verbose [2ms]
[2022-03-30T14:59:10.795Z] > git config --get commit.template [2ms]
[2022-03-30T14:59:17.878Z] > git symbolic-ref --short HEAD [2ms]
[2022-03-30T14:59:17.889Z] > git for-each-ref --format=%(refname)%00%(upstream:short)%00%(objectname)%00%(upstream:track) refs/heads/master refs/remotes/master [2ms]
[2022-03-30T14:59:17.908Z] > git for-each-ref --sort -committerdate --format %(refname) %(objectname) %(*objectname) [9ms]
[2022-03-30T14:59:17.909Z] > git remote --verbose [2ms]
[2022-03-30T14:59:17.921Z] > git config --get commit.template [2ms]
[2022-03-30T14:59:37.444Z] > git symbolic-ref --short HEAD [3ms]
[2022-03-30T14:59:37.457Z] > git for-each-ref --format=%(refname)%00%(upstream:short)%00%(objectname)%00%(upstream:track) refs/heads/master refs/remotes/master [2ms]
[2022-03-30T14:59:37.486Z] > git remote --verbose [2ms]
[2022-03-30T14:59:37.486Z] > git for-each-ref --sort -committerdate --format %(refname) %(objectname) %(*objectname) [18ms]
[2022-03-30T14:59:37.505Z] > git config --get commit.template [1ms]
[2022-03-30T14:59:42.549Z] > git symbolic-ref --short HEAD [3ms]
[2022-03-30T14:59:42.562Z] > git for-each-ref --format=%(refname)%00%(upstream:short)%00%(objectname)%00%(upstream:track) refs/heads/master refs/remotes/master [2ms]
[2022-03-30T14:59:42.585Z] > git remote --verbose [3ms]
[2022-03-30T14:59:42.585Z] > git for-each-ref --sort -committerdate --format %(refname) %(objectname) %(*objectname) [13ms]
[2022-03-30T14:59:42.599Z] > git config --get commit.template [2ms]
[2022-03-30T15:02:22.482Z] > git ls-files --stage -- /var/www/html/hotel_project/app/Http/Controllers/manage/ManageRoomController.php [3ms]
[2022-03-30T15:02:22.493Z] > git cat-file -s e918930ba072b7766c9fec8f24d08c50319656ef [2ms]
[2022-03-30T15:03:23.527Z] > git symbolic-ref --short HEAD [2ms]
[2022-03-30T15:03:23.546Z] > git for-each-ref --format=%(refname)%00%(upstream:short)%00%(objectname)%00%(upstream:track) refs/heads/master refs/remotes/master [4ms]
[2022-03-30T15:03:23.576Z] > git for-each-ref --sort -committerdate --format %(refname) %(objectname) %(*objectname) [15ms]
[2022-03-30T15:03:23.576Z] > git remote --verbose [2ms]
[2022-03-30T15:03:23.595Z] > git config --get commit.template [5ms]
[2022-03-30T15:04:07.910Z] > git symbolic-ref --short HEAD [2ms]
[2022-03-30T15:04:07.922Z] > git for-each-ref --format=%(refname)%00%(upstream:short)%00%(objectname)%00%(upstream:track) refs/heads/master refs/remotes/master [2ms]
[2022-03-30T15:04:07.949Z] > git for-each-ref --sort -committerdate --format %(refname) %(objectname) %(*objectname) [13ms]
[2022-03-30T15:04:07.951Z] > git remote --verbose [3ms]
[2022-03-30T15:04:07.964Z] > git config --get commit.template [2ms]
[2022-03-30T17:04:53.017Z] > git symbolic-ref --short HEAD [3ms]
[2022-03-30T17:04:53.101Z] > git for-each-ref --format=%(refname)%00%(upstream:short)%00%(objectname)%00%(upstream:track) refs/heads/master refs/remotes/master [26ms]
[2022-03-30T17:04:53.201Z] > git remote --verbose [14ms]
[2022-03-30T17:04:53.210Z] > git for-each-ref --sort -committerdate --format %(refname) %(objectname) %(*objectname) [85ms]
[2022-03-30T17:04:53.271Z] > git config --get commit.template [23ms]
[2022-03-30T17:04:58.313Z] > git symbolic-ref --short HEAD [1ms]
[2022-03-30T17:04:58.322Z] > git for-each-ref --format=%(refname)%00%(upstream:short)%00%(objectname)%00%(upstream:track) refs/heads/master refs/remotes/master [1ms]
[2022-03-30T17:04:58.338Z] > git for-each-ref --sort -committerdate --format %(refname) %(objectname) %(*objectname) [8ms]
[2022-03-30T17:04:58.339Z] > git remote --verbose [2ms]
[2022-03-30T17:04:58.381Z] > git config --get commit.template [2ms]
[2022-03-30T17:05:06.327Z] > git symbolic-ref --short HEAD [3ms]
[2022-03-30T17:05:06.351Z] > git for-each-ref --format=%(refname)%00%(upstream:short)%00%(objectname)%00%(upstream:track) refs/heads/master refs/remotes/master [7ms]
[2022-03-30T17:05:06.387Z] > git for-each-ref --sort -committerdate --format %(refname) %(objectname) %(*objectname) [17ms]
[2022-03-30T17:05:06.391Z] > git remote --verbose [6ms]
[2022-03-30T17:05:06.417Z] > git config --get commit.template [2ms]
[2022-03-30T17:05:14.101Z] > git symbolic-ref --short HEAD [3ms]
[2022-03-30T17:05:14.115Z] > git for-each-ref --format=%(refname)%00%(upstream:short)%00%(objectname)%00%(upstream:track) refs/heads/master refs/remotes/master [2ms]
[2022-03-30T17:05:14.140Z] > git remote --verbose [2ms]
[2022-03-30T17:05:14.141Z] > git for-each-ref --sort -committerdate --format %(refname) %(objectname) %(*objectname) [14ms]
[2022-03-30T17:05:14.157Z] > git config --get commit.template [2ms]
[2022-03-30T17:05:19.682Z] > git symbolic-ref --short HEAD [5ms]
[2022-03-30T17:05:19.704Z] > git for-each-ref --format=%(refname)%00%(upstream:short)%00%(objectname)%00%(upstream:track) refs/heads/master refs/remotes/master [3ms]
[2022-03-30T17:05:19.744Z] > git for-each-ref --sort -committerdate --format %(refname) %(objectname) %(*objectname) [13ms]
[2022-03-30T17:05:19.745Z] > git remote --verbose [2ms]
[2022-03-30T17:05:19.765Z] > git config --get commit.template [2ms]
[2022-03-30T17:05:37.961Z] > git symbolic-ref --short HEAD [5ms]
[2022-03-30T17:05:37.975Z] > git for-each-ref --format=%(refname)%00%(upstream:short)%00%(objectname)%00%(upstream:track) refs/heads/master refs/remotes/master [2ms]
[2022-03-30T17:05:38.013Z] > git for-each-ref --sort -committerdate --format %(refname) %(objectname) %(*objectname) [11ms]
[2022-03-30T17:05:38.014Z] > git remote --verbose [2ms]
[2022-03-30T17:05:38.046Z] > git config --get commit.template [2ms]
[2022-03-30T17:06:00.961Z] > git symbolic-ref --short HEAD [2ms]
[2022-03-30T17:06:00.976Z] > git for-each-ref --format=%(refname)%00%(upstream:short)%00%(objectname)%00%(upstream:track) refs/heads/master refs/remotes/master [4ms]
[2022-03-30T17:06:01.036Z] > git for-each-ref --sort -committerdate --format %(refname) %(objectname) %(*objectname) [15ms]
[2022-03-30T17:06:01.038Z] > git remote --verbose [17ms]
[2022-03-30T17:06:01.052Z] > git config --get commit.template [2ms]
[2022-03-30T17:06:06.092Z] > git symbolic-ref --short HEAD [3ms]
[2022-03-30T17:06:06.105Z] > git for-each-ref --format=%(refname)%00%(upstream:short)%00%(objectname)%00%(upstream:track) refs/heads/master refs/remotes/master [2ms]
[2022-03-30T17:06:06.214Z] > git for-each-ref --sort -committerdate --format %(refname) %(objectname) %(*objectname) [78ms]
[2022-03-30T17:06:06.216Z] > git remote --verbose [71ms]
[2022-03-30T17:06:06.229Z] > git config --get commit.template [2ms]
[2022-03-30T17:06:14.408Z] > git symbolic-ref --short HEAD [5ms]
[2022-03-30T17:06:14.430Z] > git for-each-ref --format=%(refname)%00%(upstream:short)%00%(objectname)%00%(upstream:track) refs/heads/master refs/remotes/master [8ms]
[2022-03-30T17:06:14.471Z] > git for-each-ref --sort -committerdate --format %(refname) %(objectname) %(*objectname) [24ms]
[2022-03-30T17:06:14.472Z] > git remote --verbose [2ms]
[2022-03-30T17:06:14.490Z] > git config --get commit.template [1ms]
[2022-03-30T17:06:22.384Z] > git symbolic-ref --short HEAD [2ms]
[2022-03-30T17:06:22.396Z] > git for-each-ref --format=%(refname)%00%(upstream:short)%00%(objectname)%00%(upstream:track) refs/heads/master refs/remotes/master [2ms]
[2022-03-30T17:06:22.417Z] > git for-each-ref --sort -committerdate --format %(refname) %(objectname) %(*objectname) [11ms]
[2022-03-30T17:06:22.418Z] > git remote --verbose [2ms]
[2022-03-30T17:06:22.433Z] > git config --get commit.template [1ms]
[2022-03-30T17:06:27.778Z] > git symbolic-ref --short HEAD [2ms]
[2022-03-30T17:06:27.791Z] > git for-each-ref --format=%(refname)%00%(upstream:short)%00%(objectname)%00%(upstream:track) refs/heads/master refs/remotes/master [3ms]
[2022-03-30T17:06:27.810Z] > git for-each-ref --sort -committerdate --format %(refname) %(objectname) %(*objectname) [10ms]
[2022-03-30T17:06:27.811Z] > git remote --verbose [2ms]
[2022-03-30T17:06:27.827Z] > git config --get commit.template [4ms]
[2022-03-30T17:07:08.593Z] > git symbolic-ref --short HEAD [2ms]
[2022-03-30T17:07:08.604Z] > git for-each-ref --format=%(refname)%00%(upstream:short)%00%(objectname)%00%(upstream:track) refs/heads/master refs/remotes/master [2ms]
[2022-03-30T17:07:08.626Z] > git for-each-ref --sort -committerdate --format %(refname) %(objectname) %(*objectname) [11ms]
[2022-03-30T17:07:08.627Z] > git remote --verbose [2ms]
[2022-03-30T17:07:08.639Z] > git config --get commit.template [2ms]
[2022-03-30T17:07:22.459Z] > git symbolic-ref --short HEAD [2ms]
[2022-03-30T17:07:22.473Z] > git for-each-ref --format=%(refname)%00%(upstream:short)%00%(objectname)%00%(upstream:track) refs/heads/master refs/remotes/master [2ms]
[2022-03-30T17:07:22.499Z] > git for-each-ref --sort -committerdate --format %(refname) %(objectname) %(*objectname) [14ms]
[2022-03-30T17:07:22.500Z] > git remote --verbose [3ms]
[2022-03-30T17:07:22.517Z] > git config --get commit.template [1ms]
[2022-03-30T17:07:27.598Z] > git symbolic-ref --short HEAD [2ms]
[2022-03-30T17:07:27.611Z] > git for-each-ref --format=%(refname)%00%(upstream:short)%00%(objectname)%00%(upstream:track) refs/heads/master refs/remotes/master [2ms]
[2022-03-30T17:07:27.632Z] > git for-each-ref --sort -committerdate --format %(refname) %(objectname) %(*objectname) [11ms]
[2022-03-30T17:07:27.633Z] > git remote --verbose [2ms]
[2022-03-30T17:07:27.647Z] > git config --get commit.template [2ms]
[2022-03-30T17:12:27.952Z] > git symbolic-ref --short HEAD [3ms]
[2022-03-30T17:12:27.996Z] > git for-each-ref --format=%(refname)%00%(upstream:short)%00%(objectname)%00%(upstream:track) refs/heads/master refs/remotes/master [2ms]
[2022-03-30T17:12:28.032Z] > git for-each-ref --sort -committerdate --format %(refname) %(objectname) %(*objectname) [21ms]
[2022-03-30T17:12:28.033Z] > git remote --verbose [3ms]
[2022-03-30T17:12:28.057Z] > git config --get commit.template [7ms]
[2022-03-30T17:12:31.563Z] > git ls-files --stage -- /var/www/html/hotel_project/routes/manage.php [3ms]
[2022-03-30T17:12:31.614Z] > git cat-file -s 358d9aa1bdc5320f2c42e8c5c6ea8cde36bd0f1a [32ms]
[2022-03-30T17:12:32.728Z] > git ls-files --stage -- /var/www/html/hotel_project/resources/views/home.blade.php [5ms]
[2022-03-30T17:12:32.847Z] > git cat-file -s 1f34466b95e3e03b1e9a3cfe8bdb328c01f75363 [108ms]
[2022-03-30T17:12:33.111Z] > git symbolic-ref --short HEAD [4ms]
[2022-03-30T17:12:33.126Z] > git for-each-ref --format=%(refname)%00%(upstream:short)%00%(objectname)%00%(upstream:track) refs/heads/master refs/remotes/master [2ms]
[2022-03-30T17:12:33.149Z] > git for-each-ref --sort -committerdate --format %(refname) %(objectname) %(*objectname) [12ms]
[2022-03-30T17:12:33.150Z] > git remote --verbose [2ms]
[2022-03-30T17:12:33.164Z] > git config --get commit.template [2ms]
[2022-03-30T17:12:35.145Z] > git ls-files --stage -- /var/www/html/hotel_project/app/Http/Controllers/manage/ManageRoomController.php [2ms]
[2022-03-30T17:12:35.186Z] > git cat-file -s e918930ba072b7766c9fec8f24d08c50319656ef [30ms]
[2022-03-30T17:12:59.675Z] > git ls-files --stage -- /var/www/html/hotel_project/resources/views/check.blade.php [3ms]
[2022-03-30T17:31:53.423Z] > git symbolic-ref --short HEAD [4ms]
[2022-03-30T17:31:53.436Z] > git for-each-ref --format=%(refname)%00%(upstream:short)%00%(objectname)%00%(upstream:track) refs/heads/master refs/remotes/master [2ms]
[2022-03-30T17:31:53.461Z] > git for-each-ref --sort -committerdate --format %(refname) %(objectname) %(*objectname) [12ms]
[2022-03-30T17:31:53.462Z] > git remote --verbose [2ms]
[2022-03-30T17:31:53.478Z] > git config --get commit.template [1ms]
[2022-03-30T17:31:58.595Z] > git symbolic-ref --short HEAD [2ms]
[2022-03-30T17:31:58.611Z] > git for-each-ref --format=%(refname)%00%(upstream:short)%00%(objectname)%00%(upstream:track) refs/heads/master refs/remotes/master [3ms]
[2022-03-30T17:31:58.637Z] > git for-each-ref --sort -committerdate --format %(refname) %(objectname) %(*objectname) [15ms]
[2022-03-30T17:31:58.638Z] > git remote --verbose [3ms]
[2022-03-30T17:31:58.653Z] > git config --get commit.template [3ms]
[2022-03-30T18:32:56.465Z] > git symbolic-ref --short HEAD [1ms]
[2022-03-30T18:32:56.523Z] > git for-each-ref --format=%(refname)%00%(upstream:short)%00%(objectname)%00%(upstream:track) refs/heads/master refs/remotes/master [10ms]
[2022-03-30T18:32:56.563Z] > git remote --verbose [5ms]
[2022-03-30T18:32:56.563Z] > git for-each-ref --sort -committerdate --format %(refname) %(objectname) %(*objectname) [19ms]
[2022-03-30T18:32:56.585Z] > git config --get commit.template [5ms]
[2022-03-30T18:33:01.632Z] > git symbolic-ref --short HEAD [3ms]
[2022-03-30T18:33:01.646Z] > git for-each-ref --format=%(refname)%00%(upstream:short)%00%(objectname)%00%(upstream:track) refs/heads/master refs/remotes/master [2ms]
[2022-03-30T18:33:01.673Z] > git for-each-ref --sort -committerdate --format %(refname) %(objectname) %(*objectname) [14ms]
[2022-03-30T18:33:01.674Z] > git remote --verbose [2ms]
[2022-03-30T18:33:01.690Z] > git config --get commit.template [2ms]
[2022-03-30T18:33:26.006Z] > git symbolic-ref --short HEAD [2ms]
[2022-03-30T18:33:26.022Z] > git for-each-ref --format=%(refname)%00%(upstream:short)%00%(objectname)%00%(upstream:track) refs/heads/master refs/remotes/master [2ms]
[2022-03-30T18:33:26.048Z] > git for-each-ref --sort -committerdate --format %(refname) %(objectname) %(*objectname) [14ms]
[2022-03-30T18:33:26.048Z] > git remote --verbose [2ms]
[2022-03-30T18:33:26.064Z] > git config --get commit.template [2ms]
[2022-03-30T19:03:48.902Z] > git symbolic-ref --short HEAD [3ms]
[2022-03-30T19:03:48.936Z] > git for-each-ref --format=%(refname)%00%(upstream:short)%00%(objectname)%00%(upstream:track) refs/heads/master refs/remotes/master [3ms]
[2022-03-30T19:03:48.958Z] > git for-each-ref --sort -committerdate --format %(refname) %(objectname) %(*objectname) [12ms]
[2022-03-30T19:03:48.958Z] > git remote --verbose [2ms]
[2022-03-30T19:03:49.043Z] > git config --get commit.template [2ms]
[2022-03-30T19:03:56.260Z] > git symbolic-ref --short HEAD [2ms]
[2022-03-30T19:03:56.276Z] > git for-each-ref --format=%(refname)%00%(upstream:short)%00%(objectname)%00%(upstream:track) refs/heads/master refs/remotes/master [3ms]
[2022-03-30T19:03:56.306Z] > git for-each-ref --sort -committerdate --format %(refname) %(objectname) %(*objectname) [16ms]
[2022-03-30T19:03:56.307Z] > git remote --verbose [3ms]
[2022-03-30T19:03:56.407Z] > git config --get commit.template [3ms]
[2022-03-30T19:21:04.116Z] > git ls-files --stage -- /var/www/html/hotel_project/app/Http/Controllers/manage/ManageRoomController.php [3ms]
[2022-03-30T19:21:04.359Z] > git cat-file -s e918930ba072b7766c9fec8f24d08c50319656ef [168ms]
[2022-03-30T19:21:04.695Z] > git symbolic-ref --short HEAD [2ms]
[2022-03-30T19:21:05.064Z] > git for-each-ref --format=%(refname)%00%(upstream:short)%00%(objectname)%00%(upstream:track) refs/heads/master refs/remotes/master [359ms]
[2022-03-30T19:21:05.087Z] > git remote --verbose [2ms]
[2022-03-30T19:21:05.161Z] > git for-each-ref --sort -committerdate --format %(refname) %(objectname) %(*objectname) [86ms]
[2022-03-30T19:21:05.347Z] > git config --get commit.template [4ms]
[2022-03-30T19:21:10.099Z] > git ls-files --stage -- /var/www/html/hotel_project/routes/web.php [3ms]
[2022-03-30T19:21:10.182Z] > git cat-file -s 1e86cdd82db9eee96b6f90dedf3cb2126311b0df [73ms]
[2022-03-30T19:21:10.622Z] > git ls-files --stage -- /var/www/html/hotel_project/routes/manage.php [6ms]
[2022-03-30T19:21:10.638Z] > git cat-file -s 358d9aa1bdc5320f2c42e8c5c6ea8cde36bd0f1a [7ms]
[2022-03-30T19:21:16.887Z] > git symbolic-ref --short HEAD [2ms]
[2022-03-30T19:21:16.901Z] > git for-each-ref --format=%(refname)%00%(upstream:short)%00%(objectname)%00%(upstream:track) refs/heads/master refs/remotes/master [2ms]
[2022-03-30T19:21:16.924Z] > git for-each-ref --sort -committerdate --format %(refname) %(objectname) %(*objectname) [11ms]
[2022-03-30T19:21:16.925Z] > git remote --verbose [2ms]
[2022-03-30T19:21:16.939Z] > git config --get commit.template [2ms]
[2022-03-30T19:21:18.314Z] > git ls-files --stage -- /var/www/html/hotel_project/app/Http/Controllers/manage/ManageRoomController.php [2ms]
[2022-03-30T19:21:18.326Z] > git cat-file -s e918930ba072b7766c9fec8f24d08c50319656ef [2ms]
[2022-03-30T19:21:26.603Z] > git symbolic-ref --short HEAD [2ms]
[2022-03-30T19:21:26.619Z] > git for-each-ref --format=%(refname)%00%(upstream:short)%00%(objectname)%00%(upstream:track) refs/heads/master refs/remotes/master [2ms]
[2022-03-30T19:21:26.642Z] > git for-each-ref --sort -committerdate --format %(refname) %(objectname) %(*objectname) [12ms]
[2022-03-30T19:21:26.643Z] > git remote --verbose [3ms]
[2022-03-30T19:21:26.673Z] > git config --get commit.template [3ms]
[2022-03-30T19:21:27.161Z] > git ls-files --stage -- /var/www/html/hotel_project/routes/web.php [4ms]
[2022-03-30T19:21:27.173Z] > git cat-file -s 1e86cdd82db9eee96b6f90dedf3cb2126311b0df [2ms]
[2022-03-30T19:22:01.677Z] > git symbolic-ref --short HEAD [2ms]
[2022-03-30T19:22:01.688Z] > git for-each-ref --format=%(refname)%00%(upstream:short)%00%(objectname)%00%(upstream:track) refs/heads/master refs/remotes/master [2ms]
[2022-03-30T19:22:01.706Z] > git for-each-ref --sort -committerdate --format %(refname) %(objectname) %(*objectname) [10ms]
[2022-03-30T19:22:01.707Z] > git remote --verbose [2ms]
[2022-03-30T19:22:01.718Z] > git config --get commit.template [1ms]
[2022-03-30T19:22:11.510Z] > git symbolic-ref --short HEAD [2ms]
[2022-03-30T19:22:11.525Z] > git for-each-ref --format=%(refname)%00%(upstream:short)%00%(objectname)%00%(upstream:track) refs/heads/master refs/remotes/master [3ms]
[2022-03-30T19:22:11.581Z] > git remote --verbose [2ms]
[2022-03-30T19:22:11.582Z] > git for-each-ref --sort -committerdate --format %(refname) %(objectname) %(*objectname) [14ms]
[2022-03-30T19:22:11.608Z] > git config --get commit.template [2ms]
[2022-03-30T19:22:26.518Z] > git symbolic-ref --short HEAD [2ms]
[2022-03-30T19:22:26.532Z] > git for-each-ref --format=%(refname)%00%(upstream:short)%00%(objectname)%00%(upstream:track) refs/heads/master refs/remotes/master [2ms]
[2022-03-30T19:22:26.555Z] > git for-each-ref --sort -committerdate --format %(refname) %(objectname) %(*objectname) [12ms]
[2022-03-30T19:22:26.556Z] > git remote --verbose [2ms]
[2022-03-30T19:22:26.569Z] > git config --get commit.template [2ms]
[2022-03-30T19:22:31.612Z] > git symbolic-ref --short HEAD [3ms]
[2022-03-30T19:22:31.626Z] > git for-each-ref --format=%(refname)%00%(upstream:short)%00%(objectname)%00%(upstream:track) refs/heads/master refs/remotes/master [3ms]
[2022-03-30T19:22:31.651Z] > git for-each-ref --sort -committerdate --format %(refname) %(objectname) %(*objectname) [13ms]
[2022-03-30T19:22:31.652Z] > git remote --verbose [3ms]
[2022-03-30T19:22:31.666Z] > git config --get commit.template [2ms]
[2022-03-30T19:22:36.710Z] > git symbolic-ref --short HEAD [2ms]
[2022-03-30T19:22:36.723Z] > git for-each-ref --format=%(refname)%00%(upstream:short)%00%(objectname)%00%(upstream:track) refs/heads/master refs/remotes/master [2ms]
[2022-03-30T19:22:36.759Z] > git remote --verbose [2ms]
[2022-03-30T19:22:36.759Z] > git for-each-ref --sort -committerdate --format %(refname) %(objectname) %(*objectname) [26ms]
[2022-03-30T19:22:36.773Z] > git config --get commit.template [2ms]
[2022-03-30T19:22:46.520Z] > git symbolic-ref --short HEAD [3ms]
[2022-03-30T19:22:46.533Z] > git for-each-ref --format=%(refname)%00%(upstream:short)%00%(objectname)%00%(upstream:track) refs/heads/master refs/remotes/master [2ms]
[2022-03-30T19:22:46.557Z] > git for-each-ref --sort -committerdate --format %(refname) %(objectname) %(*objectname) [13ms]
[2022-03-30T19:22:46.558Z] > git remote --verbose [3ms]
[2022-03-30T19:22:46.577Z] > git config --get commit.template [1ms]
[2022-03-30T19:23:05.766Z] > git symbolic-ref --short HEAD [4ms]
[2022-03-30T19:23:05.797Z] > git for-each-ref --format=%(refname)%00%(upstream:short)%00%(objectname)%00%(upstream:track) refs/heads/master refs/remotes/master [14ms]
[2022-03-30T19:23:05.832Z] > git for-each-ref --sort -committerdate --format %(refname) %(objectname) %(*objectname) [15ms]
[2022-03-30T19:23:05.838Z] > git remote --verbose [8ms]
[2022-03-30T19:23:05.859Z] > git config --get commit.template [1ms]
[2022-03-30T19:23:25.053Z] > git symbolic-ref --short HEAD [2ms]
[2022-03-30T19:23:25.072Z] > git for-each-ref --format=%(refname)%00%(upstream:short)%00%(objectname)%00%(upstream:track) refs/heads/master refs/remotes/master [3ms]
[2022-03-30T19:23:25.104Z] > git for-each-ref --sort -committerdate --format %(refname) %(objectname) %(*objectname) [21ms]
[2022-03-30T19:23:25.104Z] > git remote --verbose [2ms]
[2022-03-30T19:23:25.117Z] > git config --get commit.template [2ms]
