[Info  - 4:46:32 PM] Initialising intelephense 1.8.2
[Info  - 4:46:32 PM] Initialised in 72 ms
[Info  - 4:46:32 PM] Environment changed. Refreshing 1 in memory documents.
[Info  - 4:46:32 PM] Searching file:///root/.vscode/extensions/bmewburn.vscode-intelephense-client-1.8.2/node_modules/intelephense/lib/stub for files to index.
[Info  - 4:46:33 PM] Searching file:///var/www/html/hotel_project for files to index.
[Warn  - 4:46:35 PM] file:///var/www/html/hotel_project/vendor/fakerphp/faker/src/Faker/Provider/nl_BE/Text.php is over the maximum file size of 1000000 bytes.
[Info  - 4:46:35 PM] Indexing started.
[Info  - 4:47:19 PM] Indexing ended. 7968 files indexed in 43s.
[Info  - 4:47:19 PM] Writing state to /home/ahmed/Istpian/~/.vscode-root/User/workspaceStorage/11e8408c35694307231992d9f44b3129/bmewburn.vscode-intelephense-client/4534594a.
[Info  - 4:47:21 PM] Wrote state in 2.1s.
[Info  - 4:50:51 PM] Indexing started.
[Info  - 4:50:51 PM] Indexing ended. 1 files indexed in 0s.
[Info  - 4:52:42 PM] Indexing started.
[Info  - 4:52:42 PM] Indexing ended. 1 files indexed in 0s.
[Info  - 4:54:42 PM] Indexing started.
[Info  - 4:54:42 PM] Indexing ended. 1 files indexed in 0s.
[Info  - 4:58:06 PM] Indexing started.
[Info  - 4:58:06 PM] Indexing ended. 1 files indexed in 0s.
[Info  - 4:58:33 PM] Indexing started.
[Info  - 4:58:33 PM] Indexing ended. 1 files indexed in 0s.
[Info  - 4:58:35 PM] Indexing started.
[Info  - 4:58:35 PM] Indexing ended. 1 files indexed in 0s.
[Info  - 4:59:17 PM] Indexing started.
[Info  - 4:59:17 PM] Indexing ended. 1 files indexed in 0s.
[Info  - 4:59:19 PM] Indexing started.
[Info  - 4:59:19 PM] Indexing ended. 1 files indexed in 0s.
[Info  - 4:59:27 PM] Indexing started.
[Info  - 4:59:27 PM] Indexing ended. 1 files indexed in 0s.
