[2022-03-30 16:44:50.536] [exthost] [info] Extension host with pid 15167 started
[2022-03-30 16:44:50.921] [exthost] [info] ExtensionService#_doActivateExtension vscode.debug-auto-launch, startup: true, activationEvent: '*'
[2022-03-30 16:44:50.930] [exthost] [info] ExtensionService#_doActivateExtension vscode.git-base, startup: true, activationEvent: '*', root cause: vscode.github
[2022-03-30 16:44:50.935] [exthost] [info] ExtensionService#_doActivateExtension vscode.ipynb, startup: true, activationEvent: '*'
[2022-03-30 16:44:50.961] [exthost] [info] ExtensionService#_doActivateExtension CoenraadS.bracket-pair-colorizer, startup: true, activationEvent: '*'
[2022-03-30 16:44:51.833] [exthost] [info] ExtensionService#_doActivateExtension RobbOwen.synthwave-vscode, startup: true, activationEvent: '*'
[2022-03-30 16:44:52.317] [exthost] [info] ExtensionService#_doActivateExtension vscode-icons-team.vscode-icons, startup: true, activationEvent: '*'
[2022-03-30 16:44:58.716] [exthost] [info] ExtensionService#_doActivateExtension vscode.git, startup: true, activationEvent: '*'
[2022-03-30 16:44:58.821] [exthost] [info] ExtensionService#_doActivateExtension vscode.github, startup: true, activationEvent: '*'
[2022-03-30 16:44:58.959] [exthost] [info] Eager extensions activated
[2022-03-30 16:44:58.984] [exthost] [info] ExtensionService#_doActivateExtension vscode.emmet, startup: false, activationEvent: 'onStartupFinished'
[2022-03-30 16:44:59.011] [exthost] [info] ExtensionService#_doActivateExtension vscode.merge-conflict, startup: false, activationEvent: 'onStartupFinished'
[2022-03-30 16:45:30.401] [exthost] [info] extension host terminating: renderer closed the socket
[2022-03-30 16:45:30.410] [exthost] [info] Extension host with pid 15167 exiting with code 0
[2022-03-30 16:45:34.683] [exthost] [info] Extension host with pid 15253 started
[2022-03-30 16:45:34.683] [exthost] [info] Skipping acquiring lock for /home/ahmed/Istpian/~/.vscode-root/User/workspaceStorage/11e8408c35694307231992d9f44b3129.
[2022-03-30 16:45:35.047] [exthost] [info] ExtensionService#_doActivateExtension vscode.debug-auto-launch, startup: true, activationEvent: '*'
[2022-03-30 16:45:35.055] [exthost] [info] ExtensionService#_doActivateExtension vscode.git-base, startup: true, activationEvent: '*', root cause: vscode.github
[2022-03-30 16:45:35.060] [exthost] [info] ExtensionService#_doActivateExtension vscode.ipynb, startup: true, activationEvent: '*'
[2022-03-30 16:45:35.066] [exthost] [info] ExtensionService#_doActivateExtension vscode-icons-team.vscode-icons, startup: true, activationEvent: '*'
[2022-03-30 16:45:35.105] [exthost] [info] ExtensionService#_doActivateExtension vscode.npm, startup: true, activationEvent: 'workspaceContains:package.json'
[2022-03-30 16:45:35.901] [exthost] [info] ExtensionService#_doActivateExtension vscode.git, startup: false, activationEvent: '*'
[2022-03-30 16:45:35.938] [exthost] [info] ExtensionService#_doActivateExtension CoenraadS.bracket-pair-colorizer, startup: false, activationEvent: '*'
[2022-03-30 16:45:35.954] [exthost] [info] ExtensionService#_doActivateExtension RobbOwen.synthwave-vscode, startup: false, activationEvent: '*'
[2022-03-30 16:45:36.635] [exthost] [info] ExtensionService#_doActivateExtension zobo.php-intellisense, startup: true, activationEvent: 'workspaceContains:**/*.php'
[2022-03-30 16:45:51.733] [exthost] [info] ExtensionService#_doActivateExtension vscode.emmet, startup: false, activationEvent: 'onStartupFinished'
[2022-03-30 16:45:51.743] [exthost] [info] ExtensionService#_doActivateExtension vscode.merge-conflict, startup: false, activationEvent: 'onStartupFinished'
[2022-03-30 16:45:54.395] [exthost] [info] ExtensionService#_doActivateExtension vscode.github, startup: true, activationEvent: '*'
[2022-03-30 16:45:54.641] [exthost] [info] Eager extensions activated
[2022-03-30 16:45:59.203] [exthost] [info] ExtensionService#_doActivateExtension vscode.configuration-editing, startup: false, activationEvent: 'onLanguage:jsonc'
[2022-03-30 16:45:59.281] [exthost] [info] ExtensionService#_doActivateExtension vscode.json-language-features, startup: false, activationEvent: 'onLanguage:jsonc'
[2022-03-30 16:45:59.426] [exthost] [info] ExtensionService#_doActivateExtension vscode.typescript-language-features, startup: false, activationEvent: 'onLanguage:jsonc'
[2022-03-30 16:46:27.847] [exthost] [info] ExtensionService#_doActivateExtension vscode.php-language-features, startup: false, activationEvent: 'onLanguage:php'
[2022-03-30 16:46:28.293] [exthost] [info] ExtensionService#_doActivateExtension bmewburn.vscode-intelephense-client, startup: false, activationEvent: 'onLanguage:php'
[2022-03-30 16:46:28.448] [exthost] [info] ExtensionService#_doActivateExtension codingyu.laravel-goto-view, startup: false, activationEvent: 'onLanguage:php'
[2022-03-30 16:49:06.765] [exthost] [error] [zobo.php-intellisense] provider FAILED
[2022-03-30 16:49:06.802] [exthost] [error] Error: name must not be falsy
	at Function.validate (/snap/code/91/usr/share/code/resources/app/out/vs/workbench/api/node/extensionHostProcess.js:76:103621)
	at new s (/snap/code/91/usr/share/code/resources/app/out/vs/workbench/api/node/extensionHostProcess.js:76:103570)
	at new s (/snap/code/91/usr/share/code/resources/app/out/vs/workbench/api/node/extensionHostProcess.js:76:90384)
	at asSymbolInformation (/root/.vscode/extensions/zobo.php-intellisense-1.0.6/node_modules/vscode-languageclient/lib/common/protocolConverter.js:508:22)
	at /root/.vscode/extensions/zobo.php-intellisense-1.0.6/node_modules/vscode-languageclient/lib/common/protocolConverter.js:476:42
	at Array.map (<anonymous>)
	at Object.asSymbolInformations (/root/.vscode/extensions/zobo.php-intellisense-1.0.6/node_modules/vscode-languageclient/lib/common/protocolConverter.js:476:23)
	at /root/.vscode/extensions/zobo.php-intellisense-1.0.6/node_modules/vscode-languageclient/lib/common/client.js:1111:70
	at async f.provideDocumentSymbols (/snap/code/91/usr/share/code/resources/app/out/vs/workbench/api/node/extensionHostProcess.js:85:91158)
[2022-03-30 16:49:07.305] [exthost] [error] [zobo.php-intellisense] provider FAILED
[2022-03-30 16:49:07.306] [exthost] [error] Error: name must not be falsy
	at Function.validate (/snap/code/91/usr/share/code/resources/app/out/vs/workbench/api/node/extensionHostProcess.js:76:103621)
	at new s (/snap/code/91/usr/share/code/resources/app/out/vs/workbench/api/node/extensionHostProcess.js:76:103570)
	at new s (/snap/code/91/usr/share/code/resources/app/out/vs/workbench/api/node/extensionHostProcess.js:76:90384)
	at asSymbolInformation (/root/.vscode/extensions/zobo.php-intellisense-1.0.6/node_modules/vscode-languageclient/lib/common/protocolConverter.js:508:22)
	at /root/.vscode/extensions/zobo.php-intellisense-1.0.6/node_modules/vscode-languageclient/lib/common/protocolConverter.js:476:42
	at Array.map (<anonymous>)
	at Object.asSymbolInformations (/root/.vscode/extensions/zobo.php-intellisense-1.0.6/node_modules/vscode-languageclient/lib/common/protocolConverter.js:476:23)
	at /root/.vscode/extensions/zobo.php-intellisense-1.0.6/node_modules/vscode-languageclient/lib/common/client.js:1111:70
	at async f.provideDocumentSymbols (/snap/code/91/usr/share/code/resources/app/out/vs/workbench/api/node/extensionHostProcess.js:85:91158)
[2022-03-30 16:50:43.555] [exthost] [info] ExtensionService#_doActivateExtension onecentlin.laravel-blade, startup: false, activationEvent: 'onLanguage:blade'
[2022-03-30 16:50:43.728] [exthost] [info] ExtensionService#_doActivateExtension shufo.vscode-blade-formatter, startup: false, activationEvent: 'onLanguage:blade'
[2022-03-30 16:50:51.659] [exthost] [warning] TextEditor is closed/disposed
[2022-03-30 21:26:00.078] [exthost] [info] extension host terminating: renderer closed the socket
[2022-03-30 21:26:02.011] [exthost] [error] An error occurred when deactivating the subscriptions for extension 'bmewburn.vscode-intelephense-client':
[2022-03-30 21:26:02.027] [exthost] [error] TypeError: Cannot read private member from an object whose class did not declare it
	at Pe (/snap/code/91/usr/share/code/resources/app/out/vs/workbench/api/node/extensionHostProcess.js:90:7024)
	at Object.dispose (/snap/code/91/usr/share/code/resources/app/out/vs/workbench/api/node/extensionHostProcess.js:76:90801)
	at g (/snap/code/91/usr/share/code/resources/app/out/vs/workbench/api/node/extensionHostProcess.js:8:12307)
	at d._deactivate (/snap/code/91/usr/share/code/resources/app/out/vs/workbench/api/node/extensionHostProcess.js:90:11931)
	at /snap/code/91/usr/share/code/resources/app/out/vs/workbench/api/node/extensionHostProcess.js:90:10226
	at Array.map (<anonymous>)
	at deactivateAll (/snap/code/91/usr/share/code/resources/app/out/vs/workbench/api/node/extensionHostProcess.js:90:10214)
	at _.terminate (/snap/code/91/usr/share/code/resources/app/out/vs/workbench/api/node/extensionHostProcess.js:94:880)
	at c (/snap/code/91/usr/share/code/resources/app/out/vs/workbench/api/node/extensionHostProcess.js:104:36243)
	at Socket.<anonymous> (/snap/code/91/usr/share/code/resources/app/out/vs/workbench/api/node/extensionHostProcess.js:104:33938)
	at Socket.emit (events.js:327:22)
	at Pipe.<anonymous> (net.js:673:12)
[2022-03-30 21:26:02.820] [exthost] [info] Extension host with pid 15253 exiting with code 0
